<?xml version="1.0" encoding="UTF-8"?>
<!-- Generated by org.testng.reporters.JUnitReportReporter -->
<testsuite skipped="0" hostname="DE1TQ9PV2" name="com.github.test.game.GameServiceTest" tests="9" failures="0" timestamp="2022-02-04T20:27:41 IST" time="0.674" errors="0">
  <testcase name="testScoreListPageByName" time="0.420" classname="com.github.test.game.GameServiceTest"/>
  <system-out/>
  <testcase name="testScoreListByScore" time="0.004" classname="com.github.test.game.GameServiceTest"/>
  <system-out/>
  <testcase name="testsave" time="0.004" classname="com.github.test.game.GameServiceTest"/>
  <system-out/>
  <testcase name="testScoreListPageByPlayerNamesAndEndTimePeriod" time="0.003" classname="com.github.test.game.GameServiceTest"/>
  <system-out/>
  <testcase name="testDeleteById" time="0.024" classname="com.github.test.game.GameServiceTest"/>
  <system-out/>
  <testcase name="testScoreListByName" time="0.004" classname="com.github.test.game.GameServiceTest"/>
  <system-out/>
  <testcase name="testFindHistory" time="0.204" classname="com.github.test.game.GameServiceTest"/>
  <system-out/>
  <testcase name="testScoreListPageByAfterStartTime" time="0.008" classname="com.github.test.game.GameServiceTest"/>
  <system-out/>
  <testcase name="testScoreListPageByStartAndEndTimePeriod" time="0.003" classname="com.github.test.game.GameServiceTest"/>
  <system-out/>
</testsuite> <!-- com.github.test.game.GameServiceTest -->
